[debug] [2024-01-11T18:14:32.632Z] ----------------------------------------------------------------------
[debug] [2024-01-11T18:14:32.637Z] Command:       C:\Program Files\nodejs\node.exe C:\Users\Adil Alam\AppData\Roaming\npm\node_modules\firebase-tools\lib\bin\firebase.js init
[debug] [2024-01-11T18:14:32.638Z] CLI Version:   13.0.3
[debug] [2024-01-11T18:14:32.639Z] Platform:      win32
[debug] [2024-01-11T18:14:32.639Z] Node Version:  v18.17.1
[debug] [2024-01-11T18:14:32.667Z] Time:          Thu Jan 11 2024 23:44:32 GMT+0530 (India Standard Time)
[debug] [2024-01-11T18:14:32.668Z] ----------------------------------------------------------------------
[debug] 
[debug] [2024-01-11T18:14:32.813Z] > command requires scopes: ["email","openid","https://www.googleapis.com/auth/cloudplatformprojects.readonly","https://www.googleapis.com/auth/firebase","https://www.googleapis.com/auth/cloud-platform"]
[debug] [2024-01-11T18:14:32.814Z] > authorizing via signed-in user (adilsqe13@gmail.com)
[info] 
     ######## #### ########  ######## ########     ###     ######  ########
     ##        ##  ##     ## ##       ##     ##  ##   ##  ##       ##
     ######    ##  ########  ######   ########  #########  ######  ######
     ##        ##  ##    ##  ##       ##     ## ##     ##       ## ##
     ##       #### ##     ## ######## ########  ##     ##  ######  ########

You're about to initialize a Firebase project in this directory:

  C:\Users\Adil Alam\Desktop\Twitter-Clone\Twitter_Clone_Client

Before we get started, keep in mind:

  * You are initializing within an existing Firebase project directory

[info] 
=== Project Setup
[info] 
[info] First, let's associate this project directory with a Firebase project.
[info] You can create multiple project aliases by running firebase use --add, 
[info] but for now we'll just set up a default project.
[info] 
[debug] [2024-01-11T18:14:39.927Z] Using project from CLI flag: twitter-clone-client-7de33
[debug] [2024-01-11T18:14:39.931Z] >>> [apiv2][query] GET https://firebase.googleapis.com/v1beta1/projects/twitter-clone-client-7de33 [none]
[debug] [2024-01-11T18:14:41.456Z] <<< [apiv2][status] GET https://firebase.googleapis.com/v1beta1/projects/twitter-clone-client-7de33 200
[debug] [2024-01-11T18:14:41.456Z] <<< [apiv2][body] GET https://firebase.googleapis.com/v1beta1/projects/twitter-clone-client-7de33 {"projectId":"twitter-clone-client-7de33","projectNumber":"867390957366","displayName":"Twitter-Clone-Client","name":"projects/twitter-clone-client-7de33","resources":{"hostingSite":"twitter-clone-client-7de33"},"state":"ACTIVE","etag":"1_e7c49387-a6a9-4b60-9bdf-e0ff5bc51a2a"}
[info] i  Using project twitter-clone-client-7de33 (Twitter-Clone-Client) 
[info] 
=== Hosting Setup
[debug] [2024-01-11T18:14:41.469Z] >>> [apiv2][query] GET https://firebase.googleapis.com/v1beta1/projects/twitter-clone-client-7de33 [none]
[debug] [2024-01-11T18:14:42.395Z] <<< [apiv2][status] GET https://firebase.googleapis.com/v1beta1/projects/twitter-clone-client-7de33 200
[debug] [2024-01-11T18:14:42.395Z] <<< [apiv2][body] GET https://firebase.googleapis.com/v1beta1/projects/twitter-clone-client-7de33 {"projectId":"twitter-clone-client-7de33","projectNumber":"867390957366","displayName":"Twitter-Clone-Client","name":"projects/twitter-clone-client-7de33","resources":{"hostingSite":"twitter-clone-client-7de33"},"state":"ACTIVE","etag":"1_e7c49387-a6a9-4b60-9bdf-e0ff5bc51a2a"}
[info] 
[info] Your public directory is the folder (relative to your project directory) that
[info] will contain Hosting assets to be uploaded with firebase deploy. If you
[info] have a build process for your assets, use your build's output directory.
[info] 
[debug] [2024-01-11T18:15:38.284Z] ----------------------------------------------------------------------
[debug] [2024-01-11T18:15:38.288Z] Command:       C:\Program Files\nodejs\node.exe C:\Users\Adil Alam\AppData\Roaming\npm\node_modules\firebase-tools\lib\bin\firebase.js init
[debug] [2024-01-11T18:15:38.288Z] CLI Version:   13.0.3
[debug] [2024-01-11T18:15:38.290Z] Platform:      win32
[debug] [2024-01-11T18:15:38.290Z] Node Version:  v18.17.1
[debug] [2024-01-11T18:15:38.306Z] Time:          Thu Jan 11 2024 23:45:38 GMT+0530 (India Standard Time)
[debug] [2024-01-11T18:15:38.306Z] ----------------------------------------------------------------------
[debug] 
[debug] [2024-01-11T18:15:38.475Z] > command requires scopes: ["email","openid","https://www.googleapis.com/auth/cloudplatformprojects.readonly","https://www.googleapis.com/auth/firebase","https://www.googleapis.com/auth/cloud-platform"]
[debug] [2024-01-11T18:15:38.477Z] > authorizing via signed-in user (adilsqe13@gmail.com)
[info] 
     ######## #### ########  ######## ########     ###     ######  ########
     ##        ##  ##     ## ##       ##     ##  ##   ##  ##       ##
     ######    ##  ########  ######   ########  #########  ######  ######
     ##        ##  ##    ##  ##       ##     ## ##     ##       ## ##
     ##       #### ##     ## ######## ########  ##     ##  ######  ########

You're about to initialize a Firebase project in this directory:

  C:\Users\Adil Alam\Desktop\Twitter-Clone\Twitter_Clone_Client

Before we get started, keep in mind:

  * You are initializing within an existing Firebase project directory

[info] 
=== Project Setup
[info] 
[info] First, let's associate this project directory with a Firebase project.
[info] You can create multiple project aliases by running firebase use --add, 
[info] but for now we'll just set up a default project.
[info] 
[debug] [2024-01-11T18:15:43.383Z] Using project from CLI flag: twitter-clone-client-7de33
[debug] [2024-01-11T18:15:43.387Z] >>> [apiv2][query] GET https://firebase.googleapis.com/v1beta1/projects/twitter-clone-client-7de33 [none]
[debug] [2024-01-11T18:15:44.493Z] <<< [apiv2][status] GET https://firebase.googleapis.com/v1beta1/projects/twitter-clone-client-7de33 200
[debug] [2024-01-11T18:15:44.493Z] <<< [apiv2][body] GET https://firebase.googleapis.com/v1beta1/projects/twitter-clone-client-7de33 {"projectId":"twitter-clone-client-7de33","projectNumber":"867390957366","displayName":"Twitter-Clone-Client","name":"projects/twitter-clone-client-7de33","resources":{"hostingSite":"twitter-clone-client-7de33"},"state":"ACTIVE","etag":"1_e7c49387-a6a9-4b60-9bdf-e0ff5bc51a2a"}
[info] i  Using project twitter-clone-client-7de33 (Twitter-Clone-Client) 
[info] 
=== Hosting Setup
[debug] [2024-01-11T18:15:44.505Z] >>> [apiv2][query] GET https://firebase.googleapis.com/v1beta1/projects/twitter-clone-client-7de33 [none]
[debug] [2024-01-11T18:15:45.261Z] <<< [apiv2][status] GET https://firebase.googleapis.com/v1beta1/projects/twitter-clone-client-7de33 200
[debug] [2024-01-11T18:15:45.261Z] <<< [apiv2][body] GET https://firebase.googleapis.com/v1beta1/projects/twitter-clone-client-7de33 {"projectId":"twitter-clone-client-7de33","projectNumber":"867390957366","displayName":"Twitter-Clone-Client","name":"projects/twitter-clone-client-7de33","resources":{"hostingSite":"twitter-clone-client-7de33"},"state":"ACTIVE","etag":"1_e7c49387-a6a9-4b60-9bdf-e0ff5bc51a2a"}
[info] 
[info] Your public directory is the folder (relative to your project directory) that
[info] will contain Hosting assets to be uploaded with firebase deploy. If you
[info] have a build process for your assets, use your build's output directory.
[info] 
[debug] [2024-01-11T18:16:35.168Z] ----------------------------------------------------------------------
[debug] [2024-01-11T18:16:35.181Z] Command:       C:\Program Files\nodejs\node.exe C:\Users\Adil Alam\AppData\Roaming\npm\node_modules\firebase-tools\lib\bin\firebase.js init
[debug] [2024-01-11T18:16:35.184Z] CLI Version:   13.0.3
[debug] [2024-01-11T18:16:35.185Z] Platform:      win32
[debug] [2024-01-11T18:16:35.187Z] Node Version:  v18.17.1
[debug] [2024-01-11T18:16:35.192Z] Time:          Thu Jan 11 2024 23:46:35 GMT+0530 (India Standard Time)
[debug] [2024-01-11T18:16:35.193Z] ----------------------------------------------------------------------
[debug] 
[debug] [2024-01-11T18:16:35.632Z] > command requires scopes: ["email","openid","https://www.googleapis.com/auth/cloudplatformprojects.readonly","https://www.googleapis.com/auth/firebase","https://www.googleapis.com/auth/cloud-platform"]
[debug] [2024-01-11T18:16:35.641Z] > authorizing via signed-in user (adilsqe13@gmail.com)
[info] 
     ######## #### ########  ######## ########     ###     ######  ########
     ##        ##  ##     ## ##       ##     ##  ##   ##  ##       ##
     ######    ##  ########  ######   ########  #########  ######  ######
     ##        ##  ##    ##  ##       ##     ## ##     ##       ## ##
     ##       #### ##     ## ######## ########  ##     ##  ######  ########

You're about to initialize a Firebase project in this directory:

  C:\Users\Adil Alam\Desktop\Twitter-Clone\Twitter_Clone_Client

Before we get started, keep in mind:

  * You are initializing within an existing Firebase project directory

[info] 
=== Project Setup
[info] 
[info] First, let's associate this project directory with a Firebase project.
[info] You can create multiple project aliases by running firebase use --add, 
[info] but for now we'll just set up a default project.
[info] 
[debug] [2024-01-11T18:16:49.025Z] Using project from CLI flag: twitter-clone-client-7de33
[debug] [2024-01-11T18:16:49.033Z] >>> [apiv2][query] GET https://firebase.googleapis.com/v1beta1/projects/twitter-clone-client-7de33 [none]
[debug] [2024-01-11T18:16:50.060Z] <<< [apiv2][status] GET https://firebase.googleapis.com/v1beta1/projects/twitter-clone-client-7de33 200
[debug] [2024-01-11T18:16:50.060Z] <<< [apiv2][body] GET https://firebase.googleapis.com/v1beta1/projects/twitter-clone-client-7de33 {"projectId":"twitter-clone-client-7de33","projectNumber":"867390957366","displayName":"Twitter-Clone-Client","name":"projects/twitter-clone-client-7de33","resources":{"hostingSite":"twitter-clone-client-7de33"},"state":"ACTIVE","etag":"1_e7c49387-a6a9-4b60-9bdf-e0ff5bc51a2a"}
[info] i  Using project twitter-clone-client-7de33 (Twitter-Clone-Client) 
[info] 
=== Hosting Setup
[debug] [2024-01-11T18:16:50.071Z] >>> [apiv2][query] GET https://firebase.googleapis.com/v1beta1/projects/twitter-clone-client-7de33 [none]
[debug] [2024-01-11T18:16:51.113Z] <<< [apiv2][status] GET https://firebase.googleapis.com/v1beta1/projects/twitter-clone-client-7de33 200
[debug] [2024-01-11T18:16:51.113Z] <<< [apiv2][body] GET https://firebase.googleapis.com/v1beta1/projects/twitter-clone-client-7de33 {"projectId":"twitter-clone-client-7de33","projectNumber":"867390957366","displayName":"Twitter-Clone-Client","name":"projects/twitter-clone-client-7de33","resources":{"hostingSite":"twitter-clone-client-7de33"},"state":"ACTIVE","etag":"1_e7c49387-a6a9-4b60-9bdf-e0ff5bc51a2a"}
[info] 
[info] Your public directory is the folder (relative to your project directory) that
[info] will contain Hosting assets to be uploaded with firebase deploy. If you
[info] have a build process for your assets, use your build's output directory.
[info] 
